# JRE version: OpenJDK Runtime Environment (8.0_152-b01) (build 1.8.0_152-release-1248-b01)
# Java VM: OpenJDK 64-Bit Server VM (25.152-b01 mixed mode windows-amd64 compressed oops)
Heap:
 PSYoungGen      total 423936K, used 423922K [0x00000000e0000000, 0x0000000100000000, 0x0000000100000000)
  eden space 377856K, 100% used [0x00000000e0000000,0x00000000f7100000,0x00000000f7100000)
  from space 46080K, 99% used [0x00000000fd180000,0x00000000ffe7c8e0,0x00000000ffe80000)
  to   space 73216K, 29% used [0x00000000f7100000,0x00000000f85f9f48,0x00000000fb880000)
 ParOldGen       total 467456K, used 269896K [0x00000000a0000000, 0x00000000bc880000, 0x00000000e0000000)
  object space 467456K, 57% used [0x00000000a0000000,0x00000000b07921e8,0x00000000bc880000)
 Metaspace       used 100246K, capacity 105892K, committed 107648K, reserved 1142784K
  class space    used 12228K, capacity 13293K, committed 13696K, reserved 1048576K
GC Heap History (10 events):
Event: 11100.477 GC heap after
Heap after GC invocations=182 (full 8):
 PSYoungGen      total 459264K, used 5632K [0x00000000e0000000, 0x00000000ff880000, 0x0000000100000000)
  eden space 407040K, 0% used [0x00000000e0000000,0x00000000e0000000,0x00000000f8d80000)
  from space 52224K, 10% used [0x00000000fc580000,0x00000000fcb00010,0x00000000ff880000)
  to   space 54784K, 0% used [0x00000000f8d80000,0x00000000f8d80000,0x00000000fc300000)
 ParOldGen       total 467456K, used 171430K [0x00000000a0000000, 0x00000000bc880000, 0x00000000e0000000)
  object space 467456K, 36% used [0x00000000a0000000,0x00000000aa769b10,0x00000000bc880000)
 Metaspace       used 99889K, capacity 105392K, committed 107392K, reserved 1142784K
  class space    used 12182K, capacity 13231K, committed 13696K, reserved 1048576K
}
Event: 11100.596 GC heap before
{Heap before GC invocations=183 (full 8):
 PSYoungGen      total 459264K, used 412672K [0x00000000e0000000, 0x00000000ff880000, 0x0000000100000000)
  eden space 407040K, 100% used [0x00000000e0000000,0x00000000f8d80000,0x00000000f8d80000)
  from space 52224K, 10% used [0x00000000fc580000,0x00000000fcb00010,0x00000000ff880000)
  to   space 54784K, 0% used [0x00000000f8d80000,0x00000000f8d80000,0x00000000fc300000)
 ParOldGen       total 467456K, used 171430K [0x00000000a0000000, 0x00000000bc880000, 0x00000000e0000000)
  object space 467456K, 36% used [0x00000000a0000000,0x00000000aa769b10,0x00000000bc880000)
 Metaspace       used 99895K, capacity 105392K, committed 107392K, reserved 1142784K
  class space    used 12182K, capacity 13231K, committed 13696K, reserved 1048576K
Event: 11100.601 GC heap after
Heap after GC invocations=183 (full 8):
 PSYoungGen      total 461824K, used 6528K [0x00000000e0000000, 0x00000000ffd80000, 0x0000000100000000)
  eden space 407040K, 0% used [0x00000000e0000000,0x00000000e0000000,0x00000000f8d80000)
  from space 54784K, 11% used [0x00000000f8d80000,0x00000000f93e0010,0x00000000fc300000)
  to   space 52224K, 0% used [0x00000000fca80000,0x00000000fca80000,0x00000000ffd80000)
 ParOldGen       total 467456K, used 175339K [0x00000000a0000000, 0x00000000bc880000, 0x00000000e0000000)
  object space 467456K, 37% used [0x00000000a0000000,0x00000000aab3adc0,0x00000000bc880000)
 Metaspace       used 99895K, capacity 105392K, committed 107392K, reserved 1142784K
  class space    used 12182K, capacity 13231K, committed 13696K, reserved 1048576K
}
Event: 11100.816 GC heap before
{Heap before GC invocations=184 (full 8):
 PSYoungGen      total 461824K, used 413568K [0x00000000e0000000, 0x00000000ffd80000, 0x0000000100000000)
  eden space 407040K, 100% used [0x00000000e0000000,0x00000000f8d80000,0x00000000f8d80000)
  from space 54784K, 11% used [0x00000000f8d80000,0x00000000f93e0010,0x00000000fc300000)
  to   space 52224K, 0% used [0x00000000fca80000,0x00000000fca80000,0x00000000ffd80000)
 ParOldGen       total 467456K, used 175339K [0x00000000a0000000, 0x00000000bc880000, 0x00000000e0000000)
  object space 467456K, 37% used [0x00000000a0000000,0x00000000aab3adc0,0x00000000bc880000)
 Metaspace       used 99895K, capacity 105392K, committed 107392K, reserved 1142784K
  class space    used 12182K, capacity 13231K, committed 13696K, reserved 1048576K
Event: 11100.824 GC heap after
Heap after GC invocations=184 (full 8):
 PSYoungGen      total 462336K, used 14064K [0x00000000e0000000, 0x00000000ff680000, 0x0000000100000000)
  eden space 417280K, 0% used [0x00000000e0000000,0x00000000e0000000,0x00000000f9780000)
  from space 45056K, 31% used [0x00000000fca80000,0x00000000fd83c0a8,0x00000000ff680000)
  to   space 48640K, 0% used [0x00000000f9780000,0x00000000f9780000,0x00000000fc700000)
 ParOldGen       total 467456K, used 180554K [0x00000000a0000000, 0x00000000bc880000, 0x00000000e0000000)
  object space 467456K, 38% used [0x00000000a0000000,0x00000000ab052bc8,0x00000000bc880000)
 Metaspace       used 99895K, capacity 105392K, committed 107392K, reserved 1142784K
  class space    used 12182K, capacity 13231K, committed 13696K, reserved 1048576K
}
Event: 11102.442 GC heap before
{Heap before GC invocations=185 (full 8):
 PSYoungGen      total 462336K, used 431344K [0x00000000e0000000, 0x00000000ff680000, 0x0000000100000000)
  eden space 417280K, 100% used [0x00000000e0000000,0x00000000f9780000,0x00000000f9780000)
  from space 45056K, 31% used [0x00000000fca80000,0x00000000fd83c0a8,0x00000000ff680000)
  to   space 48640K, 0% used [0x00000000f9780000,0x00000000f9780000,0x00000000fc700000)
 ParOldGen       total 467456K, used 180554K [0x00000000a0000000, 0x00000000bc880000, 0x00000000e0000000)
  object space 467456K, 38% used [0x00000000a0000000,0x00000000ab052bc8,0x00000000bc880000)
 Metaspace       used 99896K, capacity 105392K, committed 107392K, reserved 1142784K
  class space    used 12182K, capacity 13231K, committed 13696K, reserved 1048576K
Event: 11102.448 GC heap after
Heap after GC invocations=185 (full 8):
 PSYoungGen      total 465920K, used 7232K [0x00000000e0000000, 0x00000000ffe80000, 0x0000000100000000)
  eden space 417280K, 0% used [0x00000000e0000000,0x00000000e0000000,0x00000000f9780000)
  from space 48640K, 14% used [0x00000000f9780000,0x00000000f9e900a8,0x00000000fc700000)
  to   space 46080K, 0% used [0x00000000fd180000,0x00000000fd180000,0x00000000ffe80000)
 ParOldGen       total 467456K, used 188141K [0x00000000a0000000, 0x00000000bc880000, 0x00000000e0000000)
  object space 467456K, 40% used [0x00000000a0000000,0x00000000ab7bb440,0x00000000bc880000)
 Metaspace       used 99896K, capacity 105392K, committed 107392K, reserved 1142784K
  class space    used 12182K, capacity 13231K, committed 13696K, reserved 1048576K
}
Event: 11103.481 GC heap before
{Heap before GC invocations=186 (full 8):
 PSYoungGen      total 465920K, used 420691K [0x00000000e0000000, 0x00000000ffe80000, 0x0000000100000000)
  eden space 417280K, 99% used [0x00000000e0000000,0x00000000f93c4e20,0x00000000f9780000)
  from space 48640K, 14% used [0x00000000f9780000,0x00000000f9e900a8,0x00000000fc700000)
  to   space 46080K, 0% used [0x00000000fd180000,0x00000000fd180000,0x00000000ffe80000)
 ParOldGen       total 467456K, used 188141K [0x00000000a0000000, 0x00000000bc880000, 0x00000000e0000000)
  object space 467456K, 40% used [0x00000000a0000000,0x00000000ab7bb440,0x00000000bc880000)
 Metaspace       used 99896K, capacity 105392K, committed 107392K, reserved 1142784K
  class space    used 12182K, capacity 13231K, committed 13696K, reserved 1048576K
Event: 11103.527 GC heap after
Heap after GC invocations=186 (full 8):
 PSYoungGen      total 423936K, used 46066K [0x00000000e0000000, 0x0000000100000000, 0x0000000100000000)
  eden space 377856K, 0% used [0x00000000e0000000,0x00000000e0000000,0x00000000f7100000)
  from space 46080K, 99% used [0x00000000fd180000,0x00000000ffe7c8e0,0x00000000ffe80000)
  to   space 73216K, 0% used [0x00000000f7100000,0x00000000f7100000,0x00000000fb880000)
 ParOldGen       total 467456K, used 236856K [0x00000000a0000000, 0x00000000bc880000, 0x00000000e0000000)
  object space 467456K, 50% used [0x00000000a0000000,0x00000000ae74e158,0x00000000bc880000)
 Metaspace       used 99896K, capacity 105392K, committed 107392K, reserved 1142784K
  class space    used 12182K, capacity 13231K, committed 13696K, reserved 1048576K
}
Event: 11157.664 GC heap before
{Heap before GC invocations=187 (full 8):
 PSYoungGen      total 423936K, used 423922K [0x00000000e0000000, 0x0000000100000000, 0x0000000100000000)
  eden space 377856K, 100% used [0x00000000e0000000,0x00000000f7100000,0x00000000f7100000)
  from space 46080K, 99% used [0x00000000fd180000,0x00000000ffe7c8e0,0x00000000ffe80000)
  to   space 73216K, 0% used [0x00000000f7100000,0x00000000f7100000,0x00000000fb880000)
 ParOldGen       total 467456K, used 236856K [0x00000000a0000000, 0x00000000bc880000, 0x00000000e0000000)
  object space 467456K, 50% used [0x00000000a0000000,0x00000000ae74e158,0x00000000bc880000)
 Metaspace       used 100246K, capacity 105892K, committed 107648K, reserved 1142784K
  class space    used 12228K, capacity 13293K, committed 13696K, reserved 1048576K

